
Error en el valor de VALUE: invalid literal for int() with base 10: ''. Usando el valor por defecto: 10^6

Running with 1000000 elements.

 Time taken by reduction operation using a function: 54 ms ± 51.3 µs per loop (mean ± std. dev. of 2 runs, 10 loops each)
And the result of the sum of numbers in the range [0, value) is: 499999500000.0

-----------------------------------------------------------------------------------------------------------------------------------------------

Time taken by reduction operation using numpy.sum(): 138 µs ± 201 ns per loop (mean ± std. dev. of 2 runs, 10,000 loops each)
Now, the result using numpy.sum(): 499999500000.0 
 
-----------------------------------------------------------------------------------------------------------------------------------------------

Time taken by reduction operation using numpy.ndarray.sum(): 137 µs ± 130 ns per loop (mean ± std. dev. of 2 runs, 10,000 loops each)
Now, the result using numpy.ndarray.sum(): 499999500000.0 

-----------------------------------------------------------------------------------------------------------------------------------------------


Suma utilizando multiprocessing:

 Time taken by reduction operation using 1 process(es): 0.0874636173248291
And the result of the sum using 1 process(es) is: 499999500000.0

-----------------------------------------------------------------------------------------------------------------------------------------------


 Time taken by reduction operation using 2 process(es): 0.04621100425720215
And the result of the sum using 2 process(es) is: 499999500000.0

-----------------------------------------------------------------------------------------------------------------------------------------------


 Time taken by reduction operation using 4 process(es): 0.03410959243774414
And the result of the sum using 4 process(es) is: 499999500000.0

-----------------------------------------------------------------------------------------------------------------------------------------------


Suma utilizando Cupy:

 Time taken by reduction operation using Cupy:
Resultado de la suma en la GPU (devuelto a la CPU): 499999500000.0
Tiempo total (incluyendo transferencia de datos): 0.034110 segundos

-----------------------------------------------------------------------------------------------------------------------------------------------


Suma utilizando una ufunc personalizada:

 Time taken by reduction operation using Numba @cuda.reduce:
Resultado de la suma calculado en la GPU: 499999801344.0
Tiempo total: 0.003459 segundos

-----------------------------------------------------------------------------------------------------------------------------------------------

