
Running with 10000000 elements.

 Time taken by reduction operation using a function: 544 ms ± 2.26 ms per loop (mean ± std. dev. of 2 runs, 1 loop each)
And the result of the sum of numbers in the range [0, value) is: 49999995000000.0

-----------------------------------------------------------------------------------------------------------------------------------------------

Time taken by reduction operation using numpy.sum(): 3.33 ms ± 10.3 µs per loop (mean ± std. dev. of 2 runs, 100 loops each)
Now, the result using numpy.sum(): 49999995000000.0 
 
-----------------------------------------------------------------------------------------------------------------------------------------------

Time taken by reduction operation using numpy.ndarray.sum(): 3.31 ms ± 4.27 µs per loop (mean ± std. dev. of 2 runs, 100 loops each)
Now, the result using numpy.ndarray.sum(): 49999995000000.0 

-----------------------------------------------------------------------------------------------------------------------------------------------


Suma utilizando multiprocessing:

 Time taken by reduction operation using 1 process(es): 0.6626348495483398
And the result of the sum using 1 process(es) is: 49999995000000.0

-----------------------------------------------------------------------------------------------------------------------------------------------


 Time taken by reduction operation using 2 process(es): 0.3444182872772217
And the result of the sum using 2 process(es) is: 49999995000000.0

-----------------------------------------------------------------------------------------------------------------------------------------------


 Time taken by reduction operation using 4 process(es): 0.2061302661895752
And the result of the sum using 4 process(es) is: 49999995000000.0

-----------------------------------------------------------------------------------------------------------------------------------------------


Suma utilizando Cupy:

 Time taken by reduction operation using Cupy:
Resultado de la suma en la GPU (devuelto a la CPU): 49999995000000.0
Tiempo total (incluyendo transferencia de datos): 0.206130 segundos

-----------------------------------------------------------------------------------------------------------------------------------------------


Suma utilizando una ufunc personalizada:

 Time taken by reduction operation using Numba @cuda.reduce:
Resultado de la suma calculado en la GPU: 50000000188416.0
Tiempo total: 0.020847 segundos

-----------------------------------------------------------------------------------------------------------------------------------------------

