[22;0t]0;IPython: alumno04/lab-gpu
Running with 10000000 elements.

 Time taken by reduction operation using a function: 2.44 s ± 39 ms per loop (mean ± std. dev. of 2 runs, 1 loop each)
And the result of the sum of numbers in the range [0, value) is: 4998085.832910564

-----------------------------------------------------------------------------------------------------------------------------------------------

Time taken by reduction operation using numpy.sum(): 5.4 ms ± 1.21 µs per loop (mean ± std. dev. of 2 runs, 100 loops each)
Now, the result using numpy.sum(): 4998085.832910506 
 
-----------------------------------------------------------------------------------------------------------------------------------------------

Time taken by reduction operation using numpy.ndarray.sum(): 5.4 ms ± 1.22 µs per loop (mean ± std. dev. of 2 runs, 100 loops each)
Now, the result using numpy.ndarray.sum(): 4998085.832910506 

-----------------------------------------------------------------------------------------------------------------------------------------------


 Utilizando 1 proceso:
Resultado: 4998085.832910564, Tiempo: 2.931764 segundos

---------------------------------------------------------------------

 Utilizando 2 procesos:
Resultado: 4998085.832910542, Tiempo: 1.546304 segundos

---------------------------------------------------------------------

 Utilizando 4 procesos:
Resultado: 4998085.832910586, Tiempo: 0.926704 segundos

---------------------------------------------------------------------


 Tiempo función original: 2.586739 segundos, Resultado: 4998085.832910564 

-------------------------------------------------------------------------------------------------------------------

Tiempo con @njit: 0.310825 segundos, Resultado: 4998085.832910564 

-------------------------------------------------------------------------------------------------------------------

Tiempo con @njit(parallel=True): 0.631998 segundos, Resultado: 4998085.8329105005 

-------------------------------------------------------------------------------------------------------------------

